/content/ball_balance_video_controlled/host_software/ml_vision
Initializing PyTorch Expert Tracker Model (ResNet18)...
Loading dataset from: /content/ball_balance_video_controlled/host_software/ml_vision/data/02_silver/labels_sequential.csv
Found 22218 total images -> 17774 Train | 4444 Test.
Starting training on cuda:0...
Epoch [1/10], Train Step [100/556], Loss: 0.0020
Epoch [1/10], Train Step [200/556], Loss: 0.0057
Epoch [1/10], Train Step [300/556], Loss: 0.0013
Epoch [1/10], Train Step [400/556], Loss: 0.0010
Epoch [1/10], Train Step [500/556], Loss: 0.0013
--- Epoch [1/10] Train Loss: 0.0060 | Test Loss: 0.0036 ---
Saved new best model to /content/ball_balance_video_controlled/host_software/ml_vision/models/resnet18_expert_tracker/expert_tracker_best.pth
Epoch [2/10], Train Step [100/556], Loss: 0.0004
Epoch [2/10], Train Step [200/556], Loss: 0.0006
Epoch [2/10], Train Step [300/556], Loss: 0.0007
Epoch [2/10], Train Step [400/556], Loss: 0.0007
Epoch [2/10], Train Step [500/556], Loss: 0.0007
--- Epoch [2/10] Train Loss: 0.0013 | Test Loss: 0.0024 ---
Saved new best model to /content/ball_balance_video_controlled/host_software/ml_vision/models/resnet18_expert_tracker/expert_tracker_best.pth
Epoch [3/10], Train Step [100/556], Loss: 0.0012
Epoch [3/10], Train Step [200/556], Loss: 0.0033
Epoch [3/10], Train Step [300/556], Loss: 0.0036
Epoch [3/10], Train Step [400/556], Loss: 0.0006
Epoch [3/10], Train Step [500/556], Loss: 0.0008
--- Epoch [3/10] Train Loss: 0.0010 | Test Loss: 0.0008 ---
Saved new best model to /content/ball_balance_video_controlled/host_software/ml_vision/models/resnet18_expert_tracker/expert_tracker_best.pth
Epoch [4/10], Train Step [100/556], Loss: 0.0008
Epoch [4/10], Train Step [200/556], Loss: 0.0005
Epoch [4/10], Train Step [300/556], Loss: 0.0003
Epoch [4/10], Train Step [400/556], Loss: 0.0006
Epoch [4/10], Train Step [500/556], Loss: 0.0006
--- Epoch [4/10] Train Loss: 0.0007 | Test Loss: 0.0003 ---
Saved new best model to /content/ball_balance_video_controlled/host_software/ml_vision/models/resnet18_expert_tracker/expert_tracker_best.pth
Epoch [5/10], Train Step [100/556], Loss: 0.0004
Epoch [5/10], Train Step [200/556], Loss: 0.0006
Epoch [5/10], Train Step [300/556], Loss: 0.0005
Epoch [5/10], Train Step [400/556], Loss: 0.0010
Epoch [5/10], Train Step [500/556], Loss: 0.0012
--- Epoch [5/10] Train Loss: 0.0006 | Test Loss: 0.0005 ---
Epoch [6/10], Train Step [100/556], Loss: 0.0008
Epoch [6/10], Train Step [200/556], Loss: 0.0014
Epoch [6/10], Train Step [300/556], Loss: 0.0008
Epoch [6/10], Train Step [400/556], Loss: 0.0005
Epoch [6/10], Train Step [500/556], Loss: 0.0005
--- Epoch [6/10] Train Loss: 0.0006 | Test Loss: 0.0004 ---
Epoch [7/10], Train Step [100/556], Loss: 0.0004
Epoch [7/10], Train Step [200/556], Loss: 0.0004
Epoch [7/10], Train Step [300/556], Loss: 0.0007
Epoch [7/10], Train Step [400/556], Loss: 0.0005
Epoch [7/10], Train Step [500/556], Loss: 0.0009
--- Epoch [7/10] Train Loss: 0.0005 | Test Loss: 0.0003 ---
Saved new best model to /content/ball_balance_video_controlled/host_software/ml_vision/models/resnet18_expert_tracker/expert_tracker_best.pth
Epoch [8/10], Train Step [100/556], Loss: 0.0004
Epoch [8/10], Train Step [200/556], Loss: 0.0005
Epoch [8/10], Train Step [300/556], Loss: 0.0023
Epoch [8/10], Train Step [400/556], Loss: 0.0003
Epoch [8/10], Train Step [500/556], Loss: 0.0004
--- Epoch [8/10] Train Loss: 0.0005 | Test Loss: 0.0005 ---
Epoch [9/10], Train Step [100/556], Loss: 0.0003
Epoch [9/10], Train Step [200/556], Loss: 0.0003
Epoch [9/10], Train Step [300/556], Loss: 0.0006
Epoch [9/10], Train Step [400/556], Loss: 0.0005
Epoch [9/10], Train Step [500/556], Loss: 0.0003
--- Epoch [9/10] Train Loss: 0.0005 | Test Loss: 0.0003 ---
Epoch [10/10], Train Step [100/556], Loss: 0.0006
Epoch [10/10], Train Step [200/556], Loss: 0.0013
Epoch [10/10], Train Step [300/556], Loss: 0.0006
Epoch [10/10], Train Step [400/556], Loss: 0.0003
Epoch [10/10], Train Step [500/556], Loss: 0.0005
--- Epoch [10/10] Train Loss: 0.0006 | Test Loss: 0.0009 ---
Training complete!
